\BOOKMARK [0][-]{chapter.1}{Introduction}{}% 1
\BOOKMARK [0][-]{chapter.2}{Theory and Motivations}{}% 2
\BOOKMARK [1][-]{section.2.1}{The Standard Model of Particle Physics }{chapter.2}% 3
\BOOKMARK [2][-]{subsection.2.1.1}{Gauge Symmetries }{section.2.1}% 4
\BOOKMARK [2][-]{subsection.2.1.2}{Electoweak Symmetry Breaking }{section.2.1}% 5
\BOOKMARK [1][-]{section.2.2}{Motivation for Physics Beyond the Standard Model }{chapter.2}% 6
\BOOKMARK [1][-]{section.2.3}{Supersymmetry }{chapter.2}% 7
\BOOKMARK [2][-]{subsection.2.3.1}{Compressed Supersymmetry }{section.2.3}% 8
\BOOKMARK [0][-]{chapter.3}{The LHC and CMS experiment}{}% 9
\BOOKMARK [1][-]{section.3.1}{The LHC}{chapter.3}% 10
\BOOKMARK [1][-]{section.3.2}{The CMS Detector}{chapter.3}% 11
\BOOKMARK [2][-]{subsection.3.2.1}{The Tracking System}{section.3.2}% 12
\BOOKMARK [2][-]{subsection.3.2.2}{The Electromagnetic Calorimeter}{section.3.2}% 13
\BOOKMARK [2][-]{subsection.3.2.3}{The Hadronic Calorimeter}{section.3.2}% 14
\BOOKMARK [2][-]{subsection.3.2.4}{The Muon System}{section.3.2}% 15
\BOOKMARK [2][-]{subsection.3.2.5}{The Trigger}{section.3.2}% 16
\BOOKMARK [0][-]{chapter.4}{Jet Algorithms for the L1 Trigger Upgrade}{}% 17
\BOOKMARK [0][-]{chapter.5}{Searching for Compressed SUSY with monojet events}{}% 18
\BOOKMARK [1][-]{section.5.1}{Analysis}{chapter.5}% 19
\BOOKMARK [0][-]{appendix.A}{Pointless extras}{}% 20
\BOOKMARK [1][-]{section.A.1}{Like, duh}{appendix.A}% 21
\BOOKMARK [1][-]{section.A.2}{y = \040x2}{appendix.A}% 22
\BOOKMARK [0][-]{appendix*.39}{Bibliography}{}% 23
\BOOKMARK [0][-]{appendix*.40}{List of Figures}{}% 24
\BOOKMARK [0][-]{appendix*.41}{List of Tables}{}% 25
\BOOKMARK [1][-]{section.Alph0.1}{Acronyms}{appendix*.41}% 26
